<?xml version="1.0" encoding="UTF-8"?>
<!-- Generated by org.testng.reporters.JUnitXMLReporter -->
<testsuite hostname="Jano-PC" name="Surefire test" tests="9" failures="0" timestamp="2 Dec 2018 19:24:54 GMT" time="99.275" errors="0">
  <testcase name="testShorstPathAlg" time="0.036" classname="edu.asu.emit.qyan.test.ShortestPathAlgTest"/>
  <testcase name="testDijkstraShortestPathAlg" time="0.002" classname="edu.asu.emit.qyan.test.YenTopKShortestPathsAlgTest"/>
  <testcase name="testYenShortestPathsAlg4MultipleGraphs" time="0.019" classname="edu.asu.emit.qyan.test.YenTopKShortestPathsAlgTest"/>
  <testcase name="ElifsData" time="70.26" classname="uk.ac.warwick.thomas.test.SequentialDijkstraWithThresholdTest"/>
  <testcase name="ElifsData" time="11.538" classname="uk.ac.warwick.thomas.test.SequentialDijkstraTest"/>
  <testcase name="seqDijkstraTest" time="0.002" classname="uk.ac.warwick.thomas.test.SequentialDijkstraTest"/>
  <testcase name="ElifsData" time="7.989" classname="uk.ac.warwick.thomas.test.GreedySequentialDijkstraTest"/>
  <testcase name="ElifsData" time="9.252" classname="uk.ac.warwick.thomas.test.DijkstraBasedReplacementTest"/>
  <testcase name="dijkstraBasedReplacementTest" time="0.003" classname="uk.ac.warwick.thomas.test.DijkstraBasedReplacementTest"/>
</testsuite> <!-- Surefire test -->
