<?xml version="1.0" encoding="UTF-8"?>
<!-- Generated by org.testng.reporters.JUnitXMLReporter -->
<testsuite hostname="Jano-PC" name="Surefire test" tests="7" failures="0" timestamp="19 Nov 2018 14:32:40 GMT" time="22.8" errors="0">
  <testcase name="testShorstPathAlg" time="0.033" classname="edu.asu.emit.qyan.test.ShortestPathAlgTest"/>
  <testcase name="testDijkstraShortestPathAlg" time="0.004" classname="edu.asu.emit.qyan.test.YenTopKShortestPathsAlgTest"/>
  <testcase name="testYenShortestPathsAlg4MultipleGraphs" time="0.019" classname="edu.asu.emit.qyan.test.YenTopKShortestPathsAlgTest"/>
  <testcase name="ElifsData" time="12.22" classname="uk.ac.warwick.thomas.test.SequentialDijkstraTest"/>
  <testcase name="seqDijkstraTest" time="0.005" classname="uk.ac.warwick.thomas.test.SequentialDijkstraTest"/>
  <testcase name="ElifsData" time="10.297" classname="uk.ac.warwick.thomas.test.DijkstraBasedReplacementTest"/>
  <testcase name="dijkstraBasedReplacementTest" time="0.005" classname="uk.ac.warwick.thomas.test.DijkstraBasedReplacementTest"/>
</testsuite> <!-- Surefire test -->
