<?xml version="1.0" encoding="UTF-8"?>
<testng-results skipped="0" failed="0" total="7" passed="7">
  <reporter-output>
  </reporter-output>
  <suite name="Surefire suite" duration-ms="22800" started-at="2018-11-19T14:32:18Z" finished-at="2018-11-19T14:32:40Z">
    <groups>
    </groups>
    <test name="Surefire test" duration-ms="22800" started-at="2018-11-19T14:32:18Z" finished-at="2018-11-19T14:32:40Z">
      <class name="edu.asu.emit.qyan.test.YenTopKShortestPathsAlgTest">
        <test-method status="PASS" signature="testDijkstraShortestPathAlg()[pri:0, instance:edu.asu.emit.qyan.test.YenTopKShortestPathsAlgTest@5474c6c]" name="testDijkstraShortestPathAlg" duration-ms="4" started-at="2018-11-19T14:32:18Z" finished-at="2018-11-19T14:32:18Z">
          <reporter-output>
          </reporter-output>
        </test-method> <!-- testDijkstraShortestPathAlg -->
        <test-method status="PASS" signature="testYenShortestPathsAlg4MultipleGraphs()[pri:0, instance:edu.asu.emit.qyan.test.YenTopKShortestPathsAlgTest@5474c6c]" name="testYenShortestPathsAlg4MultipleGraphs" duration-ms="19" started-at="2018-11-19T14:32:18Z" finished-at="2018-11-19T14:32:18Z">
          <reporter-output>
          </reporter-output>
        </test-method> <!-- testYenShortestPathsAlg4MultipleGraphs -->
      </class> <!-- edu.asu.emit.qyan.test.YenTopKShortestPathsAlgTest -->
      <class name="edu.asu.emit.qyan.test.ShortestPathAlgTest">
        <test-method status="PASS" signature="setUp()[pri:0, instance:edu.asu.emit.qyan.test.ShortestPathAlgTest@4b6995df]" name="setUp" is-config="true" duration-ms="178" started-at="2018-11-19T14:32:18Z" finished-at="2018-11-19T14:32:18Z">
          <reporter-output>
          </reporter-output>
        </test-method> <!-- setUp -->
        <test-method status="PASS" signature="testShorstPathAlg()[pri:0, instance:edu.asu.emit.qyan.test.ShortestPathAlgTest@4b6995df]" name="testShorstPathAlg" duration-ms="33" started-at="2018-11-19T14:32:18Z" finished-at="2018-11-19T14:32:18Z">
          <reporter-output>
          </reporter-output>
        </test-method> <!-- testShorstPathAlg -->
      </class> <!-- edu.asu.emit.qyan.test.ShortestPathAlgTest -->
      <class name="uk.ac.warwick.thomas.test.SequentialDijkstraTest">
        <test-method status="PASS" signature="ElifsData()[pri:0, instance:uk.ac.warwick.thomas.test.SequentialDijkstraTest@2cfb4a64]" name="ElifsData" duration-ms="12220" started-at="2018-11-19T14:32:18Z" finished-at="2018-11-19T14:32:30Z">
          <reporter-output>
          </reporter-output>
        </test-method> <!-- ElifsData -->
        <test-method status="PASS" signature="seqDijkstraTest()[pri:0, instance:uk.ac.warwick.thomas.test.SequentialDijkstraTest@2cfb4a64]" name="seqDijkstraTest" duration-ms="5" started-at="2018-11-19T14:32:30Z" finished-at="2018-11-19T14:32:30Z">
          <reporter-output>
          </reporter-output>
        </test-method> <!-- seqDijkstraTest -->
      </class> <!-- uk.ac.warwick.thomas.test.SequentialDijkstraTest -->
      <class name="uk.ac.warwick.thomas.test.DijkstraBasedReplacementTest">
        <test-method status="PASS" signature="ElifsData()[pri:0, instance:uk.ac.warwick.thomas.test.DijkstraBasedReplacementTest@2ac1fdc4]" name="ElifsData" duration-ms="10297" started-at="2018-11-19T14:32:30Z" finished-at="2018-11-19T14:32:40Z">
          <reporter-output>
          </reporter-output>
        </test-method> <!-- ElifsData -->
        <test-method status="PASS" signature="dijkstraBasedReplacementTest()[pri:0, instance:uk.ac.warwick.thomas.test.DijkstraBasedReplacementTest@2ac1fdc4]" name="dijkstraBasedReplacementTest" duration-ms="5" started-at="2018-11-19T14:32:40Z" finished-at="2018-11-19T14:32:40Z">
          <reporter-output>
          </reporter-output>
        </test-method> <!-- dijkstraBasedReplacementTest -->
      </class> <!-- uk.ac.warwick.thomas.test.DijkstraBasedReplacementTest -->
    </test> <!-- Surefire test -->
  </suite> <!-- Surefire suite -->
</testng-results>
