<?xml version="1.0" encoding="UTF-8"?>
<testng-results skipped="0" failed="0" total="9" passed="9">
  <reporter-output>
  </reporter-output>
  <suite name="Surefire suite" duration-ms="158904" started-at="2018-11-19T17:27:56Z" finished-at="2018-11-19T17:30:35Z">
    <groups>
    </groups>
    <test name="Surefire test" duration-ms="158904" started-at="2018-11-19T17:27:56Z" finished-at="2018-11-19T17:30:35Z">
      <class name="edu.asu.emit.qyan.test.YenTopKShortestPathsAlgTest">
        <test-method status="PASS" signature="testDijkstraShortestPathAlg()[pri:0, instance:edu.asu.emit.qyan.test.YenTopKShortestPathsAlgTest@591f989e]" name="testDijkstraShortestPathAlg" duration-ms="2" started-at="2018-11-19T17:27:57Z" finished-at="2018-11-19T17:27:57Z">
          <reporter-output>
          </reporter-output>
        </test-method> <!-- testDijkstraShortestPathAlg -->
        <test-method status="PASS" signature="testYenShortestPathsAlg4MultipleGraphs()[pri:0, instance:edu.asu.emit.qyan.test.YenTopKShortestPathsAlgTest@591f989e]" name="testYenShortestPathsAlg4MultipleGraphs" duration-ms="16" started-at="2018-11-19T17:27:57Z" finished-at="2018-11-19T17:27:57Z">
          <reporter-output>
          </reporter-output>
        </test-method> <!-- testYenShortestPathsAlg4MultipleGraphs -->
      </class> <!-- edu.asu.emit.qyan.test.YenTopKShortestPathsAlgTest -->
      <class name="edu.asu.emit.qyan.test.ShortestPathAlgTest">
        <test-method status="PASS" signature="setUp()[pri:0, instance:edu.asu.emit.qyan.test.ShortestPathAlgTest@445b84c0]" name="setUp" is-config="true" duration-ms="125" started-at="2018-11-19T17:27:56Z" finished-at="2018-11-19T17:27:57Z">
          <reporter-output>
          </reporter-output>
        </test-method> <!-- setUp -->
        <test-method status="PASS" signature="testShorstPathAlg()[pri:0, instance:edu.asu.emit.qyan.test.ShortestPathAlgTest@445b84c0]" name="testShorstPathAlg" duration-ms="24" started-at="2018-11-19T17:27:57Z" finished-at="2018-11-19T17:27:57Z">
          <reporter-output>
          </reporter-output>
        </test-method> <!-- testShorstPathAlg -->
      </class> <!-- edu.asu.emit.qyan.test.ShortestPathAlgTest -->
      <class name="uk.ac.warwick.thomas.test.SequentialDijkstraTest">
        <test-method status="PASS" signature="ElifsData()[pri:0, instance:uk.ac.warwick.thomas.test.SequentialDijkstraTest@1c53fd30]" name="ElifsData" duration-ms="11189" started-at="2018-11-19T17:30:06Z" finished-at="2018-11-19T17:30:18Z">
          <reporter-output>
          </reporter-output>
        </test-method> <!-- ElifsData -->
        <test-method status="PASS" signature="seqDijkstraTest()[pri:0, instance:uk.ac.warwick.thomas.test.SequentialDijkstraTest@1c53fd30]" name="seqDijkstraTest" duration-ms="3" started-at="2018-11-19T17:30:18Z" finished-at="2018-11-19T17:30:18Z">
          <reporter-output>
          </reporter-output>
        </test-method> <!-- seqDijkstraTest -->
      </class> <!-- uk.ac.warwick.thomas.test.SequentialDijkstraTest -->
      <class name="uk.ac.warwick.thomas.test.SequentialDijkstraWithThresholdTest">
        <test-method status="PASS" signature="ElifsData()[pri:0, instance:uk.ac.warwick.thomas.test.SequentialDijkstraWithThresholdTest@2fc14f68]" name="ElifsData" duration-ms="129838" started-at="2018-11-19T17:27:57Z" finished-at="2018-11-19T17:30:06Z">
          <reporter-output>
          </reporter-output>
        </test-method> <!-- ElifsData -->
      </class> <!-- uk.ac.warwick.thomas.test.SequentialDijkstraWithThresholdTest -->
      <class name="uk.ac.warwick.thomas.test.GreedySequentialDijkstraTest">
        <test-method status="PASS" signature="ElifsData()[pri:0, instance:uk.ac.warwick.thomas.test.GreedySequentialDijkstraTest@4b6995df]" name="ElifsData" duration-ms="7596" started-at="2018-11-19T17:30:18Z" finished-at="2018-11-19T17:30:25Z">
          <reporter-output>
          </reporter-output>
        </test-method> <!-- ElifsData -->
      </class> <!-- uk.ac.warwick.thomas.test.GreedySequentialDijkstraTest -->
      <class name="uk.ac.warwick.thomas.test.DijkstraBasedReplacementTest">
        <test-method status="PASS" signature="ElifsData()[pri:0, instance:uk.ac.warwick.thomas.test.DijkstraBasedReplacementTest@34033bd0]" name="ElifsData" duration-ms="10079" started-at="2018-11-19T17:30:25Z" finished-at="2018-11-19T17:30:35Z">
          <reporter-output>
          </reporter-output>
        </test-method> <!-- ElifsData -->
        <test-method status="PASS" signature="dijkstraBasedReplacementTest()[pri:0, instance:uk.ac.warwick.thomas.test.DijkstraBasedReplacementTest@34033bd0]" name="dijkstraBasedReplacementTest" duration-ms="3" started-at="2018-11-19T17:30:35Z" finished-at="2018-11-19T17:30:35Z">
          <reporter-output>
          </reporter-output>
        </test-method> <!-- dijkstraBasedReplacementTest -->
      </class> <!-- uk.ac.warwick.thomas.test.DijkstraBasedReplacementTest -->
    </test> <!-- Surefire test -->
  </suite> <!-- Surefire suite -->
</testng-results>
